<?xml version="1.0" encoding="UTF-8"?>
<robot generator="Robot 6.0.2 (Python 3.10.10 on win32)" generated="20230406 01:04:10.014" rpa="false" schemaversion="3">
<suite id="s1" name="Tests" source="C:\Users\09433J744\PycharmProjects\MoneyControlWeb\tests\Tests.robot">
<kw name="Start Test Suite" library="CommonKeywords" type="SETUP">
<kw name="Log To Console" library="BuiltIn">
<arg>This is the start of NSE India test suite</arg>
<doc>Logs the given message to the console.</doc>
<status status="PASS" starttime="20230406 01:04:10.820" endtime="20230406 01:04:10.820"/>
</kw>
<kw name="Remove Files" library="OperatingSystem">
<arg>${output_dir}/*.png</arg>
<doc>Uses `Remove File` to remove multiple files one-by-one.</doc>
<msg timestamp="20230406 01:04:10.820" level="INFO" html="true">File '&lt;a href="file://C:\Users\09433J744\PycharmProjects\MoneyControlWeb\Output\*.png"&gt;C:\Users\09433J744\PycharmProjects\MoneyControlWeb\Output\*.png&lt;/a&gt;' does not exist.</msg>
<status status="PASS" starttime="20230406 01:04:10.820" endtime="20230406 01:04:10.820"/>
</kw>
<kw name="Remove Files" library="OperatingSystem">
<arg>${screenshot_dir}/*.png</arg>
<doc>Uses `Remove File` to remove multiple files one-by-one.</doc>
<msg timestamp="20230406 01:04:10.820" level="INFO" html="true">Removed file '&lt;a href="file://C:\Users\09433J744\PycharmProjects\MoneyControlWeb\Output\Screenshots\Screenshot_20230406010156.png"&gt;C:\Users\09433J744\PycharmProjects\MoneyControlWeb\Output\Screenshots\Screenshot_20230406010156.png&lt;/a&gt;'.</msg>
<status status="PASS" starttime="20230406 01:04:10.820" endtime="20230406 01:04:10.820"/>
</kw>
<kw name="Set Global Variable" library="BuiltIn">
<arg>${screenshot_dir}</arg>
<doc>Makes a variable available globally in all tests and suites.</doc>
<msg timestamp="20230406 01:04:10.820" level="INFO">${screenshot_dir} = Output/Screenshots</msg>
<status status="PASS" starttime="20230406 01:04:10.820" endtime="20230406 01:04:10.820"/>
</kw>
<status status="PASS" starttime="20230406 01:04:10.820" endtime="20230406 01:04:10.820"/>
</kw>
<test id="s1-t1" name="TC01_Validate And Capture Top Gainers From Market List" line="13">
<kw name="Begin Test" library="CommonKeywords" type="SETUP">
<arg>${browser}</arg>
<arg>${baseUrl}</arg>
<if>
<branch type="IF" condition="&quot;${browser}&quot;== &quot;chrome&quot;">
<kw name="Get Chromedriver" library="webdriversync">
<var>${webdriver_path}</var>
<msg timestamp="20230406 01:04:10.820" level="INFO">====== WebDriver manager ======</msg>
<msg timestamp="20230406 01:04:12.074" level="INFO">Get LATEST chromedriver version for google-chrome 111.0.5563</msg>
<msg timestamp="20230406 01:04:13.644" level="INFO">Driver [C:\Users\09433J744\.wdm\drivers\chromedriver\win32\111.0.5563\chromedriver.exe] found in cache</msg>
<msg timestamp="20230406 01:04:13.645" level="INFO">${webdriver_path} = C:\Users\09433J744\.wdm\drivers\chromedriver\win32\111.0.5563\chromedriver.exe</msg>
<status status="PASS" starttime="20230406 01:04:10.820" endtime="20230406 01:04:13.646"/>
</kw>
<status status="PASS" starttime="20230406 01:04:10.820" endtime="20230406 01:04:13.646"/>
</branch>
<branch type="ELSE">
<kw name="Log" library="BuiltIn">
<arg>Stay tuned! More browser support coming soon.</arg>
<doc>Logs the given message with the given level.</doc>
<status status="NOT RUN" starttime="20230406 01:04:13.646" endtime="20230406 01:04:13.646"/>
</kw>
<status status="NOT RUN" starttime="20230406 01:04:13.646" endtime="20230406 01:04:13.646"/>
</branch>
<status status="PASS" starttime="20230406 01:04:10.820" endtime="20230406 01:04:13.646"/>
</if>
<kw name="Open Browser" library="SeleniumLibrary">
<arg>about:blank</arg>
<arg>browser=${browser}</arg>
<arg>executable_path=${webdriver_path}</arg>
<doc>Opens a new browser instance to the optional ``url``.</doc>
<msg timestamp="20230406 01:04:13.646" level="INFO">Opening browser 'chrome' to base url 'about:blank'.</msg>
<status status="PASS" starttime="20230406 01:04:13.646" endtime="20230406 01:04:15.261"/>
</kw>
<kw name="Maximize Browser Window" library="SeleniumLibrary">
<doc>Maximizes current browser window.</doc>
<status status="PASS" starttime="20230406 01:04:15.261" endtime="20230406 01:04:15.394"/>
</kw>
<kw name="Go To" library="SeleniumLibrary">
<arg>${baseUrl}</arg>
<doc>Navigates the current browser window to the provided ``url``.</doc>
<msg timestamp="20230406 01:04:15.394" level="INFO">Opening url 'https://www.moneycontrol.com/'</msg>
<status status="PASS" starttime="20230406 01:04:15.394" endtime="20230406 01:04:18.173"/>
</kw>
<status status="PASS" starttime="20230406 01:04:10.820" endtime="20230406 01:04:18.173"/>
</kw>
<kw name="Given User Is On The MoneyControl Website" library="TopGainerLoserKeywords">
<kw name="Validate Home Page Is Loaded" library="HomePage">
<kw name="Run Keyword And Return Status" library="BuiltIn">
<var>${skipLinkVisible}</var>
<arg>element should be visible</arg>
<arg>${skipToHomeLink}</arg>
<doc>Runs the given keyword with given arguments and returns the status as a Boolean value.</doc>
<kw name="Element Should Be Visible" library="SeleniumLibrary">
<arg>${skipToHomeLink}</arg>
<doc>Verifies that the element identified by ``locator`` is visible.</doc>
<msg timestamp="20230406 01:04:18.395" level="INFO">Element '//span[@class='textlik']//a[text()='moneycontrol.com']' is displayed.</msg>
<status status="PASS" starttime="20230406 01:04:18.180" endtime="20230406 01:04:18.395"/>
</kw>
<msg timestamp="20230406 01:04:18.395" level="INFO">${skipLinkVisible} = True</msg>
<status status="PASS" starttime="20230406 01:04:18.178" endtime="20230406 01:04:18.395"/>
</kw>
<if>
<branch type="IF" condition="${skipLinkVisible} == True">
<kw name="Click Element" library="SeleniumLibrary">
<arg>${skipToHomeLink}</arg>
<doc>Click the element identified by ``locator``.</doc>
<msg timestamp="20230406 01:04:18.395" level="INFO">Clicking element '//span[@class='textlik']//a[text()='moneycontrol.com']'.</msg>
<status status="PASS" starttime="20230406 01:04:18.395" endtime="20230406 01:04:32.666"/>
</kw>
<status status="PASS" starttime="20230406 01:04:18.395" endtime="20230406 01:04:32.666"/>
</branch>
<status status="PASS" starttime="20230406 01:04:18.395" endtime="20230406 01:04:32.666"/>
</if>
<kw name="Wait Until Element Is Visible" library="SeleniumLibrary">
<arg>${mcLogo}</arg>
<arg>timeout=10s</arg>
<doc>Waits until the element ``locator`` is visible.</doc>
<status status="PASS" starttime="20230406 01:04:32.666" endtime="20230406 01:04:32.806"/>
</kw>
<kw name="Location Should Be" library="SeleniumLibrary">
<arg>${pageUrl}</arg>
<doc>Verifies that the current URL is exactly ``url``.</doc>
<msg timestamp="20230406 01:04:32.832" level="INFO">Current location is 'https://www.moneycontrol.com/'.</msg>
<status status="PASS" starttime="20230406 01:04:32.806" endtime="20230406 01:04:32.834"/>
</kw>
<try>
<branch type="TRY">
<kw name="Wait Until Element Is Visible" library="SeleniumLibrary">
<arg>${notifyDiv}</arg>
<arg>timeout=10s</arg>
<doc>Waits until the element ``locator`` is visible.</doc>
<status status="PASS" starttime="20230406 01:04:32.834" endtime="20230406 01:04:32.937"/>
</kw>
<kw name="Mouse Over" library="SeleniumLibrary">
<arg>${notifyCancel}</arg>
<doc>Simulates hovering the mouse over the element ``locator``.</doc>
<msg timestamp="20230406 01:04:32.937" level="INFO">Simulating Mouse Over on element 'css=button[id='wzrk-cancel']'.</msg>
<status status="PASS" starttime="20230406 01:04:32.937" endtime="20230406 01:04:33.346"/>
</kw>
<kw name="Click Element" library="SeleniumLibrary">
<arg>${notifyCancel}</arg>
<doc>Click the element identified by ``locator``.</doc>
<msg timestamp="20230406 01:04:33.348" level="INFO">Clicking element 'css=button[id='wzrk-cancel']'.</msg>
<status status="PASS" starttime="20230406 01:04:33.348" endtime="20230406 01:04:33.473"/>
</kw>
<status status="PASS" starttime="20230406 01:04:32.834" endtime="20230406 01:04:33.473"/>
</branch>
<branch type="EXCEPT">
<kw name="Log To Console" library="BuiltIn">
<arg>Notification is not visible</arg>
<doc>Logs the given message to the console.</doc>
<status status="NOT RUN" starttime="20230406 01:04:33.475" endtime="20230406 01:04:33.475"/>
</kw>
<status status="NOT RUN" starttime="20230406 01:04:33.475" endtime="20230406 01:04:33.475"/>
</branch>
<status status="PASS" starttime="20230406 01:04:32.834" endtime="20230406 01:04:33.475"/>
</try>
<kw name="Get Current Date" library="DateTime">
<var>${timestamp}</var>
<arg>result_format=%Y%m%d%H%M%S</arg>
<arg>exclude_millis=yes</arg>
<doc>Returns current local or UTC time with an optional increment.</doc>
<msg timestamp="20230406 01:04:33.475" level="INFO">${timestamp} = 20230406010433</msg>
<status status="PASS" starttime="20230406 01:04:33.475" endtime="20230406 01:04:33.475"/>
</kw>
<kw name="Capture Page Screenshot" library="SeleniumLibrary">
<arg>${screenshot_dir}${/}Screenshot_${timestamp}.png</arg>
<doc>Takes a screenshot of the current page and embeds it into a log file.</doc>
<msg timestamp="20230406 01:04:34.999" level="INFO" html="true">&lt;/td&gt;&lt;/tr&gt;&lt;tr&gt;&lt;td colspan="3"&gt;&lt;a href="Output/Screenshots/Screenshot_20230406010433.png"&gt;&lt;img src="Output/Screenshots/Screenshot_20230406010433.png" width="800px"&gt;&lt;/a&gt;</msg>
<status status="PASS" starttime="20230406 01:04:33.475" endtime="20230406 01:04:34.999"/>
</kw>
<status status="PASS" starttime="20230406 01:04:18.177" endtime="20230406 01:04:34.999"/>
</kw>
<status status="PASS" starttime="20230406 01:04:18.176" endtime="20230406 01:04:35.006"/>
</kw>
<kw name="When User Proceeds To See Top Gainers" library="TopGainerLoserKeywords">
<kw name="User Proceeds To Top Gainers Section" library="HomePage">
<kw name="Scroll Element Into View" library="SeleniumLibrary">
<arg>${topGainersSection}</arg>
<doc>Scrolls the element identified by ``locator`` into view.</doc>
<status status="PASS" starttime="20230406 01:04:35.007" endtime="20230406 01:04:35.461"/>
</kw>
<kw name="Wait Until Element Is Enabled" library="SeleniumLibrary">
<arg>${topGainersLink}</arg>
<doc>Waits until the element ``locator`` is enabled.</doc>
<status status="PASS" starttime="20230406 01:04:35.461" endtime="20230406 01:04:37.516"/>
</kw>
<kw name="Click Element" library="SeleniumLibrary">
<arg>${topGainersLink}</arg>
<doc>Click the element identified by ``locator``.</doc>
<msg timestamp="20230406 01:04:37.516" level="INFO">Clicking element 'link=See all Top Gainers'.</msg>
<status status="PASS" starttime="20230406 01:04:37.516" endtime="20230406 01:04:44.260"/>
</kw>
<status status="PASS" starttime="20230406 01:04:35.007" endtime="20230406 01:04:44.260"/>
</kw>
<kw name="TopGainersPage.Capture List Of Shares With Top Gains" library="TopGainersPage">
<kw name="Wait Until Element Is Visible" library="SeleniumLibrary">
<arg>${topGainersHeadingTxt}</arg>
<doc>Waits until the element ``locator`` is visible.</doc>
<status status="PASS" starttime="20230406 01:04:44.260" endtime="20230406 01:04:44.459"/>
</kw>
<kw name="Get Text" library="SeleniumLibrary">
<var>${headingTxt}</var>
<arg>${topGainersHeadingTxt}</arg>
<doc>Returns the text value of the element identified by ``locator``.</doc>
<msg timestamp="20230406 01:04:44.654" level="INFO">${headingTxt} = NSE - TOP GAINERS - NIFTY 50</msg>
<status status="PASS" starttime="20230406 01:04:44.459" endtime="20230406 01:04:44.654"/>
</kw>
<kw name="Should Contain" library="BuiltIn">
<arg>${headingTxt}</arg>
<arg>NSE - Top Gainers</arg>
<arg>ignore_case=True</arg>
<doc>Fails if ``container`` does not contain ``item`` one or more times.</doc>
<status status="PASS" starttime="20230406 01:04:44.654" endtime="20230406 01:04:44.655"/>
</kw>
<status status="PASS" starttime="20230406 01:04:44.260" endtime="20230406 01:04:44.655"/>
</kw>
<status status="PASS" starttime="20230406 01:04:35.007" endtime="20230406 01:04:44.656"/>
</kw>
<kw name="End Test" library="CommonKeywords" type="TEARDOWN">
<kw name="Register Keyword To Run On Failure" library="SeleniumLibrary">
<arg>capture page screenshot</arg>
<doc>Sets the keyword to execute, when a SeleniumLibrary keyword fails.</doc>
<msg timestamp="20230406 01:04:44.659" level="INFO">capture page screenshot will be run on failure.</msg>
<status status="PASS" starttime="20230406 01:04:44.656" endtime="20230406 01:04:44.659"/>
</kw>
<kw name="Run Keyword If Test Failed" library="BuiltIn">
<arg>log</arg>
<arg>Test has failed. Please check detailed log.</arg>
<doc>Runs the given keyword with the given arguments, if the test failed.</doc>
<status status="PASS" starttime="20230406 01:04:44.659" endtime="20230406 01:04:44.659"/>
</kw>
<kw name="Run Keyword If Test Passed" library="BuiltIn">
<arg>log</arg>
<arg>Test passed successfully.</arg>
<doc>Runs the given keyword with the given arguments, if the test passed.</doc>
<kw name="Log" library="BuiltIn">
<arg>Test passed successfully.</arg>
<doc>Logs the given message with the given level.</doc>
<msg timestamp="20230406 01:04:44.661" level="INFO">Test passed successfully.</msg>
<status status="PASS" starttime="20230406 01:04:44.659" endtime="20230406 01:04:44.661"/>
</kw>
<status status="PASS" starttime="20230406 01:04:44.659" endtime="20230406 01:04:44.661"/>
</kw>
<kw name="Delete All Cookies" library="SeleniumLibrary">
<doc>Deletes all cookies.</doc>
<status status="PASS" starttime="20230406 01:04:44.661" endtime="20230406 01:04:44.923"/>
</kw>
<kw name="Close Browser" library="SeleniumLibrary">
<doc>Closes the current browser.</doc>
<status status="PASS" starttime="20230406 01:04:44.923" endtime="20230406 01:04:47.302"/>
</kw>
<status status="PASS" starttime="20230406 01:04:44.656" endtime="20230406 01:04:47.303"/>
</kw>
<doc>Capture the list of shares where %Gain is &gt; 1%</doc>
<tag>top1</tag>
<status status="PASS" starttime="20230406 01:04:10.820" endtime="20230406 01:04:47.303"/>
</test>
<kw name="End Test Suite" library="CommonKeywords" type="TEARDOWN">
<kw name="Log To Console" library="BuiltIn">
<arg>This is the end of all tests.</arg>
<doc>Logs the given message to the console.</doc>
<status status="PASS" starttime="20230406 01:04:47.308" endtime="20230406 01:04:47.308"/>
</kw>
<status status="PASS" starttime="20230406 01:04:47.308" endtime="20230406 01:04:47.308"/>
</kw>
<doc>This is the test suite for testing various features of MoneyControl web portal</doc>
<status status="PASS" starttime="20230406 01:04:10.014" endtime="20230406 01:04:47.308"/>
</suite>
<statistics>
<total>
<stat pass="1" fail="0" skip="0">All Tests</stat>
</total>
<tag>
<stat pass="1" fail="0" skip="0">top1</stat>
</tag>
<suite>
<stat pass="1" fail="0" skip="0" id="s1" name="Tests">Tests</stat>
</suite>
</statistics>
<errors>
</errors>
</robot>
